# JRE version: Java(TM) SE Runtime Environment (8.0_171-b11) (build 1.8.0_171-b11)
# Java VM: Java HotSpot(TM) 64-Bit Server VM (25.171-b11 mixed mode linux-amd64 compressed oops)
Heap:
 PSYoungGen      total 269824K, used 3744K [0x00000000eab00000, 0x00000000fba00000, 0x0000000100000000)
  eden space 262144K, 0% used [0x00000000eab00000,0x00000000eab00000,0x00000000fab00000)
  from space 7680K, 48% used [0x00000000fab00000,0x00000000faea8000,0x00000000fb280000)
  to   space 7680K, 0% used [0x00000000fb280000,0x00000000fb280000,0x00000000fba00000)
 ParOldGen       total 86016K, used 8071K [0x00000000c0000000, 0x00000000c5400000, 0x00000000eab00000)
  object space 86016K, 9% used [0x00000000c0000000,0x00000000c07e1fc0,0x00000000c5400000)
 Metaspace       used 6067K, capacity 6332K, committed 6528K, reserved 1056768K
  class space    used 558K, capacity 596K, committed 640K, reserved 1048576K
GC Heap History (10 events):
Event: 1,200 GC heap after
Heap after GC invocations=2 (full 0):
 PSYoungGen      total 70656K, used 5088K [0x00000000eab00000, 0x00000000ef500000, 0x0000000100000000)
  eden space 65536K, 0% used [0x00000000eab00000,0x00000000eab00000,0x00000000eeb00000)
  from space 5120K, 99% used [0x00000000ef000000,0x00000000ef4f8020,0x00000000ef500000)
  to   space 5120K, 0% used [0x00000000eeb00000,0x00000000eeb00000,0x00000000ef000000)
 ParOldGen       total 86016K, used 1832K [0x00000000c0000000, 0x00000000c5400000, 0x00000000eab00000)
  object space 86016K, 2% used [0x00000000c0000000,0x00000000c01ca1a8,0x00000000c5400000)
 Metaspace       used 5805K, capacity 6204K, committed 6272K, reserved 1056768K
  class space    used 555K, capacity 596K, committed 640K, reserved 1048576K
}
Event: 1,549 GC heap before
{Heap before GC invocations=3 (full 0):
 PSYoungGen      total 70656K, used 70624K [0x00000000eab00000, 0x00000000ef500000, 0x0000000100000000)
  eden space 65536K, 100% used [0x00000000eab00000,0x00000000eeb00000,0x00000000eeb00000)
  from space 5120K, 99% used [0x00000000ef000000,0x00000000ef4f8020,0x00000000ef500000)
  to   space 5120K, 0% used [0x00000000eeb00000,0x00000000eeb00000,0x00000000ef000000)
 ParOldGen       total 86016K, used 1832K [0x00000000c0000000, 0x00000000c5400000, 0x00000000eab00000)
  object space 86016K, 2% used [0x00000000c0000000,0x00000000c01ca1a8,0x00000000c5400000)
 Metaspace       used 5949K, capacity 6268K, committed 6528K, reserved 1056768K
  class space    used 558K, capacity 596K, committed 640K, reserved 1048576K
Event: 1,565 GC heap after
Heap after GC invocations=3 (full 0):
 PSYoungGen      total 70656K, used 5120K [0x00000000eab00000, 0x00000000f3500000, 0x0000000100000000)
  eden space 65536K, 0% used [0x00000000eab00000,0x00000000eab00000,0x00000000eeb00000)
  from space 5120K, 100% used [0x00000000eeb00000,0x00000000ef000000,0x00000000ef000000)
  to   space 5120K, 0% used [0x00000000f3000000,0x00000000f3000000,0x00000000f3500000)
 ParOldGen       total 86016K, used 3579K [0x00000000c0000000, 0x00000000c5400000, 0x00000000eab00000)
  object space 86016K, 4% used [0x00000000c0000000,0x00000000c037ed50,0x00000000c5400000)
 Metaspace       used 5949K, capacity 6268K, committed 6528K, reserved 1056768K
  class space    used 558K, capacity 596K, committed 640K, reserved 1048576K
}
Event: 1,660 GC heap before
{Heap before GC invocations=4 (full 0):
 PSYoungGen      total 70656K, used 70656K [0x00000000eab00000, 0x00000000f3500000, 0x0000000100000000)
  eden space 65536K, 100% used [0x00000000eab00000,0x00000000eeb00000,0x00000000eeb00000)
  from space 5120K, 100% used [0x00000000eeb00000,0x00000000ef000000,0x00000000ef000000)
  to   space 5120K, 0% used [0x00000000f3000000,0x00000000f3000000,0x00000000f3500000)
 ParOldGen       total 86016K, used 3579K [0x00000000c0000000, 0x00000000c5400000, 0x00000000eab00000)
  object space 86016K, 4% used [0x00000000c0000000,0x00000000c037ed50,0x00000000c5400000)
 Metaspace       used 6004K, capacity 6332K, committed 6528K, reserved 1056768K
  class space    used 558K, capacity 596K, committed 640K, reserved 1048576K
Event: 1,665 GC heap after
Heap after GC invocations=4 (full 0):
 PSYoungGen      total 136192K, used 5120K [0x00000000eab00000, 0x00000000f3500000, 0x0000000100000000)
  eden space 131072K, 0% used [0x00000000eab00000,0x00000000eab00000,0x00000000f2b00000)
  from space 5120K, 100% used [0x00000000f3000000,0x00000000f3500000,0x00000000f3500000)
  to   space 5120K, 0% used [0x00000000f2b00000,0x00000000f2b00000,0x00000000f3000000)
 ParOldGen       total 86016K, used 3779K [0x00000000c0000000, 0x00000000c5400000, 0x00000000eab00000)
  object space 86016K, 4% used [0x00000000c0000000,0x00000000c03b0d50,0x00000000c5400000)
 Metaspace       used 6004K, capacity 6332K, committed 6528K, reserved 1056768K
  class space    used 558K, capacity 596K, committed 640K, reserved 1048576K
}
Event: 1,838 GC heap before
{Heap before GC invocations=5 (full 0):
 PSYoungGen      total 136192K, used 136192K [0x00000000eab00000, 0x00000000f3500000, 0x0000000100000000)
  eden space 131072K, 100% used [0x00000000eab00000,0x00000000f2b00000,0x00000000f2b00000)
  from space 5120K, 100% used [0x00000000f3000000,0x00000000f3500000,0x00000000f3500000)
  to   space 5120K, 0% used [0x00000000f2b00000,0x00000000f2b00000,0x00000000f3000000)
 ParOldGen       total 86016K, used 3779K [0x00000000c0000000, 0x00000000c5400000, 0x00000000eab00000)
  object space 86016K, 4% used [0x00000000c0000000,0x00000000c03b0d50,0x00000000c5400000)
 Metaspace       used 6029K, capacity 6332K, committed 6528K, reserved 1056768K
  class space    used 558K, capacity 596K, committed 640K, reserved 1048576K
Event: 1,855 GC heap after
Heap after GC invocations=5 (full 0):
 PSYoungGen      total 136192K, used 5120K [0x00000000eab00000, 0x00000000fba00000, 0x0000000100000000)
  eden space 131072K, 0% used [0x00000000eab00000,0x00000000eab00000,0x00000000f2b00000)
  from space 5120K, 100% used [0x00000000f2b00000,0x00000000f3000000,0x00000000f3000000)
  to   space 7680K, 0% used [0x00000000fb280000,0x00000000fb280000,0x00000000fba00000)
 ParOldGen       total 86016K, used 4523K [0x00000000c0000000, 0x00000000c5400000, 0x00000000eab00000)
  object space 86016K, 5% used [0x00000000c0000000,0x00000000c046ad50,0x00000000c5400000)
 Metaspace       used 6029K, capacity 6332K, committed 6528K, reserved 1056768K
  class space    used 558K, capacity 596K, committed 640K, reserved 1048576K
}
Event: 2,003 GC heap before
{Heap before GC invocations=6 (full 0):
 PSYoungGen      total 136192K, used 136192K [0x00000000eab00000, 0x00000000fba00000, 0x0000000100000000)
  eden space 131072K, 100% used [0x00000000eab00000,0x00000000f2b00000,0x00000000f2b00000)
  from space 5120K, 100% used [0x00000000f2b00000,0x00000000f3000000,0x00000000f3000000)
  to   space 7680K, 0% used [0x00000000fb280000,0x00000000fb280000,0x00000000fba00000)
 ParOldGen       total 86016K, used 4523K [0x00000000c0000000, 0x00000000c5400000, 0x00000000eab00000)
  object space 86016K, 5% used [0x00000000c0000000,0x00000000c046ad50,0x00000000c5400000)
 Metaspace       used 6052K, capacity 6332K, committed 6528K, reserved 1056768K
  class space    used 558K, capacity 596K, committed 640K, reserved 1048576K
Event: 2,009 GC heap after
Heap after GC invocations=6 (full 0):
 PSYoungGen      total 269824K, used 5728K [0x00000000eab00000, 0x00000000fba00000, 0x0000000100000000)
  eden space 262144K, 0% used [0x00000000eab00000,0x00000000eab00000,0x00000000fab00000)
  from space 7680K, 74% used [0x00000000fb280000,0x00000000fb818000,0x00000000fba00000)
  to   space 7680K, 0% used [0x00000000fab00000,0x00000000fab00000,0x00000000fb280000)
 ParOldGen       total 86016K, used 4531K [0x00000000c0000000, 0x00000000c5400000, 0x00000000eab00000)
  object space 86016K, 5% used [0x00000000c0000000,0x00000000c046cd50,0x00000000c5400000)
 Metaspace       used 6052K, capacity 6332K, committed 6528K, reserved 1056768K
  class space    used 558K, capacity 596K, committed 640K, reserved 1048576K
}
Event: 2,437 GC heap before
{Heap before GC invocations=7 (full 0):
 PSYoungGen      total 269824K, used 267872K [0x00000000eab00000, 0x00000000fba00000, 0x0000000100000000)
  eden space 262144K, 100% used [0x00000000eab00000,0x00000000fab00000,0x00000000fab00000)
  from space 7680K, 74% used [0x00000000fb280000,0x00000000fb818000,0x00000000fba00000)
  to   space 7680K, 0% used [0x00000000fab00000,0x00000000fab00000,0x00000000fb280000)
 ParOldGen       total 86016K, used 4531K [0x00000000c0000000, 0x00000000c5400000, 0x00000000eab00000)
  object space 86016K, 5% used [0x00000000c0000000,0x00000000c046cd50,0x00000000c5400000)
 Metaspace       used 6067K, capacity 6332K, committed 6528K, reserved 1056768K
  class space    used 558K, capacity 596K, committed 640K, reserved 1048576K

