# JRE version: Java(TM) SE Runtime Environment (8.0_171-b11) (build 1.8.0_171-b11)
# Java VM: Java HotSpot(TM) 64-Bit Server VM (25.171-b11 mixed mode linux-amd64 compressed oops)
Heap:
 PSYoungGen      total 269824K, used 3829K [0x00000000eab00000, 0x00000000fbb00000, 0x0000000100000000)
  eden space 261632K, 0% used [0x00000000eab00000,0x00000000eab00000,0x00000000faa80000)
  from space 8192K, 46% used [0x00000000faa80000,0x00000000fae3d410,0x00000000fb280000)
  to   space 7680K, 0% used [0x00000000fb280000,0x00000000fb280000,0x00000000fba00000)
 ParOldGen       total 86016K, used 9208K [0x00000000c0000000, 0x00000000c5400000, 0x00000000eab00000)
  object space 86016K, 10% used [0x00000000c0000000,0x00000000c08fe1c0,0x00000000c5400000)
 Metaspace       used 6107K, capacity 6396K, committed 6528K, reserved 1056768K
  class space    used 561K, capacity 596K, committed 640K, reserved 1048576K
GC Heap History (10 events):
Event: 1,235 GC heap after
Heap after GC invocations=4 (full 0):
 PSYoungGen      total 70656K, used 5104K [0x00000000eab00000, 0x00000000ef500000, 0x0000000100000000)
  eden space 65536K, 0% used [0x00000000eab00000,0x00000000eab00000,0x00000000eeb00000)
  from space 5120K, 99% used [0x00000000ef000000,0x00000000ef4fc010,0x00000000ef500000)
  to   space 5120K, 0% used [0x00000000eeb00000,0x00000000eeb00000,0x00000000ef000000)
 ParOldGen       total 86016K, used 3599K [0x00000000c0000000, 0x00000000c5400000, 0x00000000eab00000)
  object space 86016K, 4% used [0x00000000c0000000,0x00000000c0383f40,0x00000000c5400000)
 Metaspace       used 5955K, capacity 6268K, committed 6528K, reserved 1056768K
  class space    used 558K, capacity 596K, committed 640K, reserved 1048576K
}
Event: 1,342 GC heap before
{Heap before GC invocations=5 (full 0):
 PSYoungGen      total 70656K, used 70640K [0x00000000eab00000, 0x00000000ef500000, 0x0000000100000000)
  eden space 65536K, 100% used [0x00000000eab00000,0x00000000eeb00000,0x00000000eeb00000)
  from space 5120K, 99% used [0x00000000ef000000,0x00000000ef4fc010,0x00000000ef500000)
  to   space 5120K, 0% used [0x00000000eeb00000,0x00000000eeb00000,0x00000000ef000000)
 ParOldGen       total 86016K, used 3599K [0x00000000c0000000, 0x00000000c5400000, 0x00000000eab00000)
  object space 86016K, 4% used [0x00000000c0000000,0x00000000c0383f40,0x00000000c5400000)
 Metaspace       used 6000K, capacity 6332K, committed 6528K, reserved 1056768K
  class space    used 558K, capacity 596K, committed 640K, reserved 1048576K
Event: 1,346 GC heap after
Heap after GC invocations=5 (full 0):
 PSYoungGen      total 70656K, used 5088K [0x00000000eab00000, 0x00000000f3a00000, 0x0000000100000000)
  eden space 65536K, 0% used [0x00000000eab00000,0x00000000eab00000,0x00000000eeb00000)
  from space 5120K, 99% used [0x00000000eeb00000,0x00000000eeff8020,0x00000000ef000000)
  to   space 7680K, 0% used [0x00000000f3280000,0x00000000f3280000,0x00000000f3a00000)
 ParOldGen       total 86016K, used 3831K [0x00000000c0000000, 0x00000000c5400000, 0x00000000eab00000)
  object space 86016K, 4% used [0x00000000c0000000,0x00000000c03bdf40,0x00000000c5400000)
 Metaspace       used 6000K, capacity 6332K, committed 6528K, reserved 1056768K
  class space    used 558K, capacity 596K, committed 640K, reserved 1048576K
}
Event: 1,412 GC heap before
{Heap before GC invocations=6 (full 0):
 PSYoungGen      total 70656K, used 70624K [0x00000000eab00000, 0x00000000f3a00000, 0x0000000100000000)
  eden space 65536K, 100% used [0x00000000eab00000,0x00000000eeb00000,0x00000000eeb00000)
  from space 5120K, 99% used [0x00000000eeb00000,0x00000000eeff8020,0x00000000ef000000)
  to   space 7680K, 0% used [0x00000000f3280000,0x00000000f3280000,0x00000000f3a00000)
 ParOldGen       total 86016K, used 3831K [0x00000000c0000000, 0x00000000c5400000, 0x00000000eab00000)
  object space 86016K, 4% used [0x00000000c0000000,0x00000000c03bdf40,0x00000000c5400000)
 Metaspace       used 6011K, capacity 6332K, committed 6528K, reserved 1056768K
  class space    used 558K, capacity 596K, committed 640K, reserved 1048576K
Event: 1,417 GC heap after
Heap after GC invocations=6 (full 0):
 PSYoungGen      total 138752K, used 5440K [0x00000000eab00000, 0x00000000f3a00000, 0x0000000100000000)
  eden space 131072K, 0% used [0x00000000eab00000,0x00000000eab00000,0x00000000f2b00000)
  from space 7680K, 70% used [0x00000000f3280000,0x00000000f37d0020,0x00000000f3a00000)
  to   space 7680K, 0% used [0x00000000f2b00000,0x00000000f2b00000,0x00000000f3280000)
 ParOldGen       total 86016K, used 3839K [0x00000000c0000000, 0x00000000c5400000, 0x00000000eab00000)
  object space 86016K, 4% used [0x00000000c0000000,0x00000000c03bff40,0x00000000c5400000)
 Metaspace       used 6011K, capacity 6332K, committed 6528K, reserved 1056768K
  class space    used 558K, capacity 596K, committed 640K, reserved 1048576K
}
Event: 1,585 GC heap before
{Heap before GC invocations=7 (full 0):
 PSYoungGen      total 138752K, used 136512K [0x00000000eab00000, 0x00000000f3a00000, 0x0000000100000000)
  eden space 131072K, 100% used [0x00000000eab00000,0x00000000f2b00000,0x00000000f2b00000)
  from space 7680K, 70% used [0x00000000f3280000,0x00000000f37d0020,0x00000000f3a00000)
  to   space 7680K, 0% used [0x00000000f2b00000,0x00000000f2b00000,0x00000000f3280000)
 ParOldGen       total 86016K, used 3839K [0x00000000c0000000, 0x00000000c5400000, 0x00000000eab00000)
  object space 86016K, 4% used [0x00000000c0000000,0x00000000c03bff40,0x00000000c5400000)
 Metaspace       used 6053K, capacity 6332K, committed 6528K, reserved 1056768K
  class space    used 558K, capacity 596K, committed 640K, reserved 1048576K
Event: 1,591 GC heap after
Heap after GC invocations=7 (full 0):
 PSYoungGen      total 138752K, used 2688K [0x00000000eab00000, 0x00000000fba00000, 0x0000000100000000)
  eden space 131072K, 0% used [0x00000000eab00000,0x00000000eab00000,0x00000000f2b00000)
  from space 7680K, 35% used [0x00000000f2b00000,0x00000000f2da0000,0x00000000f3280000)
  to   space 7680K, 0% used [0x00000000fb280000,0x00000000fb280000,0x00000000fba00000)
 ParOldGen       total 86016K, used 7408K [0x00000000c0000000, 0x00000000c5400000, 0x00000000eab00000)
  object space 86016K, 8% used [0x00000000c0000000,0x00000000c073c1c0,0x00000000c5400000)
 Metaspace       used 6053K, capacity 6332K, committed 6528K, reserved 1056768K
  class space    used 558K, capacity 596K, committed 640K, reserved 1048576K
}
Event: 1,703 GC heap before
{Heap before GC invocations=8 (full 0):
 PSYoungGen      total 138752K, used 133760K [0x00000000eab00000, 0x00000000fba00000, 0x0000000100000000)
  eden space 131072K, 100% used [0x00000000eab00000,0x00000000f2b00000,0x00000000f2b00000)
  from space 7680K, 35% used [0x00000000f2b00000,0x00000000f2da0000,0x00000000f3280000)
  to   space 7680K, 0% used [0x00000000fb280000,0x00000000fb280000,0x00000000fba00000)
 ParOldGen       total 86016K, used 7408K [0x00000000c0000000, 0x00000000c5400000, 0x00000000eab00000)
  object space 86016K, 8% used [0x00000000c0000000,0x00000000c073c1c0,0x00000000c5400000)
 Metaspace       used 6060K, capacity 6332K, committed 6528K, reserved 1056768K
  class space    used 558K, capacity 596K, committed 640K, reserved 1048576K
Event: 1,713 GC heap after
Heap after GC invocations=8 (full 0):
 PSYoungGen      total 269312K, used 1952K [0x00000000eab00000, 0x00000000fbb00000, 0x0000000100000000)
  eden space 261632K, 0% used [0x00000000eab00000,0x00000000eab00000,0x00000000faa80000)
  from space 7680K, 25% used [0x00000000fb280000,0x00000000fb468000,0x00000000fba00000)
  to   space 8192K, 0% used [0x00000000faa80000,0x00000000faa80000,0x00000000fb280000)
 ParOldGen       total 86016K, used 8744K [0x00000000c0000000, 0x00000000c5400000, 0x00000000eab00000)
  object space 86016K, 10% used [0x00000000c0000000,0x00000000c088a1c0,0x00000000c5400000)
 Metaspace       used 6060K, capacity 6332K, committed 6528K, reserved 1056768K
  class space    used 558K, capacity 596K, committed 640K, reserved 1048576K
}
Event: 2,186 GC heap before
{Heap before GC invocations=9 (full 0):
 PSYoungGen      total 269312K, used 263453K [0x00000000eab00000, 0x00000000fbb00000, 0x0000000100000000)
  eden space 261632K, 99% used [0x00000000eab00000,0x00000000faa5f6c8,0x00000000faa80000)
  from space 7680K, 25% used [0x00000000fb280000,0x00000000fb468000,0x00000000fba00000)
  to   space 8192K, 0% used [0x00000000faa80000,0x00000000faa80000,0x00000000fb280000)
 ParOldGen       total 86016K, used 8744K [0x00000000c0000000, 0x00000000c5400000, 0x00000000eab00000)
  object space 86016K, 10% used [0x00000000c0000000,0x00000000c088a1c0,0x00000000c5400000)
 Metaspace       used 6107K, capacity 6396K, committed 6528K, reserved 1056768K
  class space    used 561K, capacity 596K, committed 640K, reserved 1048576K

